<?xml version="1.0" encoding="UTF-8"?>
<!-- Generated by org.testng.reporters.JUnitReportReporter -->
<testsuite hostname="DESKTOP-HCVDGHA" failures="0" tests="2" name="Test.ValidLoginTest" time="27.176" errors="0" timestamp="2022-07-25T17:19:11 IST" skipped="0">
  <testcase classname="Test.ValidLoginTest" name="sampleTest" time="3.021"/>
  <system-out>
    <![CDATA[I am in Mpos Test]]>
  </system-out>
  <testcase classname="Test.ValidLoginTest" name="LoginTest" time="24.155"/>
  <system-out>
    <![CDATA[Username entered
password entered
Login button clicked
Valid login details entered
Login page opened successfully
Home Page Displayed Successfully]]>
  </system-out>
</testsuite> <!-- Test.ValidLoginTest -->
