<?xml version="1.0" encoding="UTF-8"?>
<!-- Generated by org.testng.reporters.JUnitReportReporter -->
<testsuite hostname="DESKTOP-HCVDGHA" failures="0" tests="1" name="AppiumTest.NSPOS.AppTest" time="0.003" errors="0" timestamp="2022-07-07T17:05:56 IST" skipped="0">
  <testcase classname="AppiumTest.NSPOS.AppTest" name="shouldAnswerWithTrue" time="0.003"/>
  <system-out/>
</testsuite> <!-- AppiumTest.NSPOS.AppTest -->
