<?xml version="1.0" encoding="UTF-8"?>
<!-- Generated by org.testng.reporters.JUnitReportReporter -->
<testsuite hostname="DESKTOP-FD4DE75" failures="0" tests="1" name="Test.BaseClass" time="3.021" errors="0" timestamp="2022-09-09T12:28:14 IST" skipped="0">
  <testcase classname="Test.BaseClass" name="sampleTest" time="3.021"/>
  <system-out>
    <![CDATA[I am in Mpos Test]]>
  </system-out>
</testsuite> <!-- Test.BaseClass -->
