<?xml version="1.0" encoding="UTF-8"?>
<!-- Generated by org.testng.reporters.JUnitReportReporter -->
<testsuite hostname="DESKTOP-HCVDGHA" failures="0" tests="1" name="Test.BaseClass" time="3.011" errors="0" timestamp="2022-07-22T15:32:10 IST" skipped="0">
  <testcase classname="Test.BaseClass" name="sampleTest" time="3.011"/>
  <system-out>
    <![CDATA[I am in Mpos Test]]>
  </system-out>
</testsuite> <!-- Test.BaseClass -->
