<?xml version="1.0" encoding="UTF-8"?>
<!-- Generated by org.testng.reporters.JUnitReportReporter -->
<testsuite hostname="DESKTOP-FD4DE75" failures="0" tests="2" name="tests.Login" time="46.040" errors="0" timestamp="2022-07-26T15:42:26 IST" skipped="0">
  <testcase classname="tests.Login" name="Login" time="22.516"/>
  <system-out>
    <![CDATA[Login page opened Succesfull]]>
  </system-out>
  <testcase classname="tests.Login" name="LogInfo" time="23.524"/>
  <system-out>
    <![CDATA[Home]]>
  </system-out>
</testsuite> <!-- tests.Login -->
