<?xml version="1.0" encoding="UTF-8"?>
<!-- Generated by org.testng.reporters.JUnitReportReporter -->
<testsuite hostname="DESKTOP-HCVDGHA" failures="0" tests="3" name="Test.QuickItems" time="102.764" errors="0" timestamp="2022-07-25T17:19:11 IST" skipped="0">
  <testcase classname="Test.QuickItems" name="sampleTest" time="3.009"/>
  <system-out>
    <![CDATA[I am in Mpos Test]]>
  </system-out>
  <testcase classname="Test.QuickItems" name="LoginTest" time="24.490"/>
  <system-out>
    <![CDATA[Username entered
password entered
Login button clicked
Valid login details entered
Login page opened successfully
Home Page Displayed Successfully]]>
  </system-out>
  <testcase classname="Test.QuickItems" name="Quick" time="75.265"/>
  <system-out>
    <![CDATA[Billing UI Displayed Successful
Quick item started Successfully
Quick items icon selected
Item added Successfully]]>
  </system-out>
</testsuite> <!-- Test.QuickItems -->
