<?xml version="1.0" encoding="UTF-8"?>
<!-- Generated by org.testng.reporters.JUnitReportReporter -->
<testsuite hostname="DESKTOP-FD4DE75" failures="0" tests="3" name="tests.Billing" time="83.502" errors="0" timestamp="2022-07-25T18:32:09 IST" skipped="0">
  <testcase classname="tests.Billing" name="Login" time="23.848"/>
  <system-out>
    <![CDATA[Login page opened Succesfull]]>
  </system-out>
  <testcase classname="tests.Billing" name="LogInfo" time="32.995"/>
  <system-out>
    <![CDATA[Allow]]>
  </system-out>
  <testcase classname="tests.Billing" name="Addcustomer" time="26.659"/>
  <system-out/>
</testsuite> <!-- tests.Billing -->
