<?xml version="1.0" encoding="UTF-8"?>
<!-- Generated by org.testng.reporters.JUnitReportReporter -->
<testsuite hostname="DESKTOP-HCVDGHA" failures="0" tests="2" name="Test.AddCustomer" time="86.611" errors="0" timestamp="2022-07-21T16:36:56 IST" skipped="0">
  <testcase classname="Test.AddCustomer" name="testtwo" time="37.349"/>
  <system-out>
    <![CDATA[Username entered
password entered
Login button clicked
Valid login details entered
Login page opened successfully
Home Page Displayed Successfully]]>
  </system-out>
  <testcase classname="Test.AddCustomer" name="Billing" time="49.262"/>
  <system-out/>
</testsuite> <!-- Test.AddCustomer -->
