<?xml version="1.0" encoding="UTF-8"?>
<!-- Generated by org.testng.reporters.JUnitReportReporter -->
<testsuite hostname="DESKTOP-FD4DE75" failures="0" tests="1" name="tests.Baseclass" time="21.354" errors="0" timestamp="2022-07-22T17:28:59 IST" skipped="0">
  <testcase classname="tests.Baseclass" name="Login" time="21.354"/>
  <system-out>
    <![CDATA[method startedLogin
Login page opened Succesfull]]>
  </system-out>
</testsuite> <!-- tests.Baseclass -->
