<?xml version="1.0" encoding="UTF-8"?>
<!-- Generated by org.testng.reporters.JUnitReportReporter -->
<testsuite hostname="DESKTOP-FD4DE75" failures="0" tests="2" name="tests.Quickitem" time="53.118" errors="0" timestamp="2022-07-22T17:28:59 IST" skipped="0">
  <testcase classname="tests.Quickitem" name="Login" time="20.466"/>
  <system-out>
    <![CDATA[method startedLogin
Login page opened Succesfull]]>
  </system-out>
  <testcase classname="tests.Quickitem" name="LogInfo" time="32.652"/>
  <system-out>
    <![CDATA[method startedLogInfo
Allow]]>
  </system-out>
</testsuite> <!-- tests.Quickitem -->
