<?xml version="1.0" encoding="UTF-8"?>
<!-- Generated by org.testng.reporters.JUnitReportReporter -->
<testsuite hostname="DESKTOP-HCVDGHA" failures="0" tests="3" name="Test.PaymentTest" time="129.691" errors="0" timestamp="2022-07-25T18:46:11 IST" skipped="0">
  <testcase classname="Test.PaymentTest" name="sampleTest" time="3.014"/>
  <system-out>
    <![CDATA[I am in Mpos Test]]>
  </system-out>
  <testcase classname="Test.PaymentTest" name="LoginTest" time="25.497"/>
  <system-out>
    <![CDATA[Username entered
password entered
Login button clicked
Valid login details entered
Login page opened successfully
Home Page Displayed Successfully]]>
  </system-out>
  <testcase classname="Test.PaymentTest" name="Payment" time="101.180"/>
  <system-out>
    <![CDATA[Billing UI Displayed Successful
Quick item started Successfully
Quick items icon selected
Item added Successfully
Item Searching Started
Item added Successfully
Payment method started
Proceed button Clicked
Payment mode Clicked
Paymentmode selected
Payment save button clicked
Complete without print button clicked
Notes tab sucessfully clicked
save button clicked
Done button Clicked]]>
  </system-out>
</testsuite> <!-- Test.PaymentTest -->
