<?xml version="1.0" encoding="UTF-8"?>
<!-- Generated by org.testng.reporters.JUnitReportReporter -->
<testsuite hostname="DESKTOP-HCVDGHA" failures="0" tests="1" name="Test.InValidLoginTest" time="45.702" errors="0" timestamp="2022-07-22T10:46:43 IST" skipped="0">
  <testcase classname="Test.InValidLoginTest" name="testone" time="45.702"/>
  <system-out>
    <![CDATA[Username entered
password entered
Login button clicked
cleared the invalid entered details]]>
  </system-out>
</testsuite> <!-- Test.InValidLoginTest -->
